<?xml version="1.0" encoding="UTF-8"?>
<!-- Generated by org.testng.reporters.JUnitXMLReporter -->
<testsuite hostname="DESKTOP-U4R5QIM" ignored="0" name="Library Test" tests="14" failures="1" timestamp="23 Feb 2019 19:10:30 GMT" time="7.672" errors="0">
  <testcase name="addAuthor" time="0.01" classname="com.angile.LibraryTest.AuthorDaoTestNg"/>
  <testcase name="addAuthor" time="0.0" classname="com.angile.LibraryTest.AuthorDaoTestNg"/>
  <testcase name="addAuthor" time="0.001" classname="com.angile.LibraryTest.AuthorDaoTestNg"/>
  <testcase name="addAuthor" time="0.001" classname="com.angile.LibraryTest.AuthorDaoTestNg"/>
  <testcase name="addAuthor" time="0.001" classname="com.angile.LibraryTest.AuthorDaoTestNg"/>
  <testcase name="addAuthor" time="0.001" classname="com.angile.LibraryTest.AuthorDaoTestNg"/>
  <testcase name="addAuthor" time="0.002" classname="com.angile.LibraryTest.AuthorDaoTestNg"/>
  <testcase name="addAuthor" time="0.0" classname="com.angile.LibraryTest.AuthorDaoTestNg"/>
  <testcase name="addAuthor" time="0.001" classname="com.angile.LibraryTest.AuthorDaoTestNg"/>
  <testcase name="addAuthor" time="0.001" classname="com.angile.LibraryTest.AuthorDaoTestNg"/>
  <testcase name="f" time="0.001" classname="com.angile.LibraryTest.BookTest"/>
  <testcase name="f" time="0.001" classname="com.angile.LibraryTest.PlubhingTest"/>
  <testcase name="addTheme" time="0.187" classname="com.angile.LibraryTest.ThemeTest">
    <failure type="java.lang.AssertionError" message="expected [true] but found [false]">
      <![CDATA[java.lang.AssertionError: expected [true] but found [false]
at com.angile.LibraryTest.ThemeTest.addTheme(ThemeTest.java:25)
... Removed 31 stack frames]]>
    </failure>
  </testcase> <!-- addTheme -->
  <testcase name="addTheme" time="0.002" classname="com.angile.LibraryTest.ThemeTest"/>
</testsuite> <!-- Library Test -->
