<?xml version="1.0" encoding="UTF-8"?>
<!-- Generated by org.testng.reporters.JUnitXMLReporter -->
<testsuite hostname="DESKTOP-U4R5QIM" ignored="0" name="Test Add Staffs" tests="43" failures="19" timestamp="27 Feb 2019 12:05:49 GMT" time="110.38" errors="0">
  <testcase name="Add_01" time="1.197" classname="com.angile.seleliumTest.TestInputEmail"/>
  <testcase name="Add_02" time="1.166" classname="com.angile.seleliumTest.TestInputEmail"/>
  <testcase name="Add_03" time="1.162" classname="com.angile.seleliumTest.TestInputEmail"/>
  <testcase name="Add_04" time="1.166" classname="com.angile.seleliumTest.TestInputEmail"/>
  <testcase name="Add_05" time="1.169" classname="com.angile.seleliumTest.TestInputEmail">
    <failure type="java.lang.AssertionError" message="expected [] but found [Please lengthen this text to 8 characters or more (you are currently using 7 characters).]">
      <![CDATA[java.lang.AssertionError: expected [] but found [Please lengthen this text to 8 characters or more (you are currently using 7 characters).]
at com.angile.seleliumTest.TestInputEmail.Add_05(TestInputEmail.java:94)
... Removed 31 stack frames]]>
    </failure>
  </testcase> <!-- Add_05 -->
  <testcase name="Add_06" time="1.145" classname="com.angile.seleliumTest.TestInputEmail"/>
  <testcase name="Add_07" time="1.297" classname="com.angile.seleliumTest.TestInputEmail"/>
  <testcase name="Add_08" time="0.04" classname="com.angile.seleliumTest.TestInputEmail">
    <failure type="java.lang.AssertionError" message="FAILL">
      <![CDATA[java.lang.AssertionError: FAILL
at com.angile.seleliumTest.TestInputEmail.Add_08(TestInputEmail.java:143)
... Removed 26 stack frames]]>
    </failure>
  </testcase> <!-- Add_08 -->
  <testcase name="Add_09" time="1.141" classname="com.angile.seleliumTest.TestInputEmail"/>
  <testcase name="Add_01" time="1.162" classname="com.angile.seleliumTest.TestInputLuong"/>
  <testcase name="Add_02" time="1.278" classname="com.angile.seleliumTest.TestInputLuong"/>
  <testcase name="Add_03" time="1.254" classname="com.angile.seleliumTest.TestInputLuong"/>
  <testcase name="Add_04" time="1.19" classname="com.angile.seleliumTest.TestInputLuong"/>
  <testcase name="Add_05" time="1.254" classname="com.angile.seleliumTest.TestInputLuong">
    <failure type="java.lang.AssertionError" message="expected [] but found [Please lengthen this text to 4 characters or more (you are currently using 3 characters).]">
      <![CDATA[java.lang.AssertionError: expected [] but found [Please lengthen this text to 4 characters or more (you are currently using 3 characters).]
at com.angile.seleliumTest.TestInputLuong.Add_05(TestInputLuong.java:90)
... Removed 31 stack frames]]>
    </failure>
  </testcase> <!-- Add_05 -->
  <testcase name="Add_06" time="1.138" classname="com.angile.seleliumTest.TestInputLuong"/>
  <testcase name="Add_07" time="1.33" classname="com.angile.seleliumTest.TestInputLuong"/>
  <testcase name="Add_08" time="0.024" classname="com.angile.seleliumTest.TestInputLuong">
    <failure type="java.lang.AssertionError" message="FAILL">
      <![CDATA[java.lang.AssertionError: FAILL
at com.angile.seleliumTest.TestInputLuong.Add_08(TestInputLuong.java:135)
... Removed 26 stack frames]]>
    </failure>
  </testcase> <!-- Add_08 -->
  <testcase name="add_01" time="3.244" classname="com.angile.seleliumTest.TestInputName"/>
  <testcase name="add_2" time="3.353" classname="com.angile.seleliumTest.TestInputName">
    <failure type="java.lang.AssertionError" message="expected [] but found [Invalid input name.]">
      <![CDATA[java.lang.AssertionError: expected [] but found [Invalid input name.]
at com.angile.seleliumTest.TestInputName.add_2(TestInputName.java:39)
... Removed 31 stack frames]]>
    </failure>
  </testcase> <!-- add_2 -->
  <testcase name="add_3" time="3.364" classname="com.angile.seleliumTest.TestInputName">
    <failure type="java.lang.AssertionError" message="expected [] but found [Invalid input name.]">
      <![CDATA[java.lang.AssertionError: expected [] but found [Invalid input name.]
at com.angile.seleliumTest.TestInputName.add_3(TestInputName.java:50)
... Removed 31 stack frames]]>
    </failure>
  </testcase> <!-- add_3 -->
  <testcase name="add_4" time="3.192" classname="com.angile.seleliumTest.TestInputName">
    <failure type="java.lang.AssertionError" message="expected [Please lengthen this text to 5 characters or more (you are currently using 2 characters).] but found [Please lengthen this text to 5 characters or more (you are currently using 4 characters).]">
      <![CDATA[java.lang.AssertionError: expected [Please lengthen this text to 5 characters or more (you are currently using 2 characters).] but found [Please lengthen this text to 5 characters or more (you are currently using 4 characters).]
at com.angile.seleliumTest.TestInputName.add_4(TestInputName.java:61)
... Removed 31 stack frames]]>
    </failure>
  </testcase> <!-- add_4 -->
  <testcase name="add_5" time="3.316" classname="com.angile.seleliumTest.TestInputName"/>
  <testcase name="add_6" time="3.406" classname="com.angile.seleliumTest.TestInputName"/>
  <testcase name="add_7" time="3.364" classname="com.angile.seleliumTest.TestInputName">
    <failure type="java.lang.AssertionError" message="expected [31] but found [30]">
      <![CDATA[java.lang.AssertionError: expected [31] but found [30]
at com.angile.seleliumTest.TestInputName.add_7(TestInputName.java:92)
... Removed 31 stack frames]]>
    </failure>
  </testcase> <!-- add_7 -->
  <testcase name="Add_01" time="1.234" classname="com.angile.seleliumTest.TestInputPhone"/>
  <testcase name="Add_02" time="1.31" classname="com.angile.seleliumTest.TestInputPhone"/>
  <testcase name="Add_03" time="1.31" classname="com.angile.seleliumTest.TestInputPhone">
    <failure type="java.lang.AssertionError" message="expected [Please match the requested format.] but found []">
      <![CDATA[java.lang.AssertionError: expected [Please match the requested format.] but found []
at com.angile.seleliumTest.TestInputPhone.Add_03(TestInputPhone.java:63)
... Removed 31 stack frames]]>
    </failure>
  </testcase> <!-- Add_03 -->
  <testcase name="Add_04" time="1.35" classname="com.angile.seleliumTest.TestInputPhone"/>
  <testcase name="Add_05" time="1.158" classname="com.angile.seleliumTest.TestInputPhone">
    <failure type="java.lang.AssertionError" message="expected [Please match the requested format.] but found [Please lengthen this text to 6 characters or more (you are currently using 5 characters).]">
      <![CDATA[java.lang.AssertionError: expected [Please match the requested format.] but found [Please lengthen this text to 6 characters or more (you are currently using 5 characters).]
at com.angile.seleliumTest.TestInputPhone.Add_05(TestInputPhone.java:95)
... Removed 31 stack frames]]>
    </failure>
  </testcase> <!-- Add_05 -->
  <testcase name="Add_06" time="1.174" classname="com.angile.seleliumTest.TestInputPhone">
    <failure type="java.lang.AssertionError" message="expected [Please match the requested format.] but found []">
      <![CDATA[java.lang.AssertionError: expected [Please match the requested format.] but found []
at com.angile.seleliumTest.TestInputPhone.Add_06(TestInputPhone.java:111)
... Removed 31 stack frames]]>
    </failure>
  </testcase> <!-- Add_06 -->
  <testcase name="Add_07" time="1.189" classname="com.angile.seleliumTest.TestInputPhone"/>
  <testcase name="Add_08" time="0.036" classname="com.angile.seleliumTest.TestInputPhone">
    <failure type="java.lang.AssertionError" message="FAILL">
      <![CDATA[java.lang.AssertionError: FAILL
at com.angile.seleliumTest.TestInputPhone.Add_08(TestInputPhone.java:144)
... Removed 26 stack frames]]>
    </failure>
  </testcase> <!-- Add_08 -->
  <testcase name="add_01" time="1.234" classname="com.angile.seleliumTest.TestInputPhoto">
    <failure type="java.lang.AssertionError" message="expected [] but found [Please select a file.]">
      <![CDATA[java.lang.AssertionError: expected [] but found [Please select a file.]
at com.angile.seleliumTest.TestInputPhoto.add_01(TestInputPhoto.java:31)
... Removed 31 stack frames]]>
    </failure>
  </testcase> <!-- add_01 -->
  <testcase name="add_01" time="1.15" classname="com.angile.seleliumTest.TestInputYear"/>
  <testcase name="Add_02" time="1.173" classname="com.angile.seleliumTest.TestInputYear"/>
  <testcase name="Add_03" time="1.213" classname="com.angile.seleliumTest.TestInputYear"/>
  <testcase name="Add_04" time="1.166" classname="com.angile.seleliumTest.TestInputYear"/>
  <testcase name="Add_05" time="1.302" classname="com.angile.seleliumTest.TestInputYear">
    <failure type="java.lang.AssertionError" message="expected [] but found [Please match the requested format.]">
      <![CDATA[java.lang.AssertionError: expected [] but found [Please match the requested format.]
at com.angile.seleliumTest.TestInputYear.Add_05(TestInputYear.java:88)
... Removed 31 stack frames]]>
    </failure>
  </testcase> <!-- Add_05 -->
  <testcase name="Add_06" time="1.174" classname="com.angile.seleliumTest.TestInputYear">
    <failure type="java.lang.AssertionError" message="expected [] but found [Please match the requested format.]">
      <![CDATA[java.lang.AssertionError: expected [] but found [Please match the requested format.]
at com.angile.seleliumTest.TestInputYear.Add_06(TestInputYear.java:103)
... Removed 31 stack frames]]>
    </failure>
  </testcase> <!-- Add_06 -->
  <testcase name="Add_07" time="1.213" classname="com.angile.seleliumTest.TestInputYear">
    <failure type="java.lang.AssertionError" message="expected [] but found [Please match the requested format.]">
      <![CDATA[java.lang.AssertionError: expected [] but found [Please match the requested format.]
at com.angile.seleliumTest.TestInputYear.Add_07(TestInputYear.java:117)
... Removed 31 stack frames]]>
    </failure>
  </testcase> <!-- Add_07 -->
  <testcase name="Add_08" time="1.177" classname="com.angile.seleliumTest.TestInputYear">
    <failure type="java.lang.AssertionError" message="expected [] but found [Please match the requested format.]">
      <![CDATA[java.lang.AssertionError: expected [] but found [Please match the requested format.]
at com.angile.seleliumTest.TestInputYear.Add_08(TestInputYear.java:132)
... Removed 31 stack frames]]>
    </failure>
  </testcase> <!-- Add_08 -->
  <testcase name="Add_09" time="1.366" classname="com.angile.seleliumTest.TestInputYear">
    <failure type="java.lang.AssertionError" message="expected [Please fill out this field.] but found [Please match the requested format.]">
      <![CDATA[java.lang.AssertionError: expected [Please fill out this field.] but found [Please match the requested format.]
at com.angile.seleliumTest.TestInputYear.Add_09(TestInputYear.java:146)
... Removed 31 stack frames]]>
    </failure>
  </testcase> <!-- Add_09 -->
  <testcase name="Add_010" time="1.177" classname="com.angile.seleliumTest.TestInputYear">
    <failure type="java.lang.AssertionError" message="expected [Please fill out this field.] but found [Please match the requested format.]">
      <![CDATA[java.lang.AssertionError: expected [Please fill out this field.] but found [Please match the requested format.]
at com.angile.seleliumTest.TestInputYear.Add_010(TestInputYear.java:160)
... Removed 31 stack frames]]>
    </failure>
  </testcase> <!-- Add_010 -->
</testsuite> <!-- Test Add Staffs -->
